<?xml version="1.0" encoding="UTF-8"?>
<!-- Generated by org.testng.reporters.JUnitReportReporter -->
<testsuite hostname="Sarawat" failures="0" tests="4" name="com.facebookLocators.DirectLocators" time="1.375" errors="0" timestamp="2023-11-09T23:17:15 EST" skipped="0">
  <testcase classname="com.facebookLocators.DirectLocators" name="linkTextLocatorTest" time="0.673"/>
  <system-out/>
  <testcase classname="com.facebookLocators.DirectLocators" name="partialLinkTextLocatorTest" time="0.553"/>
  <system-out/>
  <testcase classname="com.facebookLocators.DirectLocators" name="idLocatorTest" time="0.079"/>
  <system-out/>
  <testcase classname="com.facebookLocators.DirectLocators" name="nameLocatorTest" time="0.070"/>
  <system-out/>
</testsuite> <!-- com.facebookLocators.DirectLocators -->
